<?xml version="1.0" encoding="UTF-8"?>
<!-- Generated by org.testng.reporters.JUnitReportReporter -->
<testsuite name="Tests.LaunchDriver" tests="1" time="7.614" ignored="4" failures="0" timestamp="23 Feb 2017 01:03:01 GMT" skipped="0" hostname="Mac" errors="0">
  <testcase name="launchDriverChain" time="7.614" classname="Tests.LaunchDriver"/>
  <testcase name="launchDriverD" classname="Tests.LaunchDriver">
    <skipped/>
  </testcase> <!-- launchDriverD -->
  <testcase name="launchDriverC" classname="Tests.LaunchDriver">
    <skipped/>
  </testcase> <!-- launchDriverC -->
  <testcase name="launchDriverB" classname="Tests.LaunchDriver">
    <skipped/>
  </testcase> <!-- launchDriverB -->
  <testcase name="launchDriverA" classname="Tests.LaunchDriver">
    <skipped/>
  </testcase> <!-- launchDriverA -->
</testsuite> <!-- Tests.LaunchDriver -->
